<?xml version="1.0" encoding="UTF-8"?>
<coverage generated="1735290788998" clover="3.2.0">
  <project timestamp="1735290788998" name="All files">
    <metrics statements="69" coveredstatements="64" conditionals="28" coveredconditionals="25" methods="17" coveredmethods="17" elements="114" coveredelements="106" complexity="0" loc="69" ncloc="69" packages="1" files="5" classes="5"/>
    <file name="Countdown.tsx" path="C:\react-native-projects\SimplyJest\app\Countdown.tsx">
      <metrics statements="17" coveredstatements="17" conditionals="8" coveredconditionals="8" methods="7" coveredmethods="7"/>
      <line num="4" count="1" type="stmt"/>
      <line num="5" count="9" type="stmt"/>
      <line num="6" count="9" type="stmt"/>
      <line num="8" count="9" type="stmt"/>
      <line num="10" count="8" type="cond" truecount="4" falsecount="0"/>
      <line num="11" count="3" type="stmt"/>
      <line num="12" count="10" type="stmt"/>
      <line num="15" count="8" type="cond" truecount="2" falsecount="0"/>
      <line num="16" count="2" type="stmt"/>
      <line num="19" count="8" type="stmt"/>
      <line num="22" count="9" type="stmt"/>
      <line num="23" count="2" type="stmt"/>
      <line num="26" count="9" type="stmt"/>
      <line num="27" count="1" type="stmt"/>
      <line num="28" count="1" type="stmt"/>
      <line num="31" count="9" type="stmt"/>
      <line num="40" count="1" type="stmt"/>
    </file>
    <file name="Login.tsx" path="C:\react-native-projects\SimplyJest\app\Login.tsx">
      <metrics statements="34" coveredstatements="30" conditionals="16" coveredconditionals="13" methods="4" coveredmethods="4"/>
      <line num="5" count="16" type="stmt"/>
      <line num="6" count="16" type="stmt"/>
      <line num="7" count="16" type="stmt"/>
      <line num="8" count="16" type="stmt"/>
      <line num="11" count="16" type="stmt"/>
      <line num="12" count="3" type="stmt"/>
      <line num="15" count="16" type="stmt"/>
      <line num="16" count="3" type="stmt"/>
      <line num="18" count="16" type="stmt"/>
      <line num="19" count="4" type="stmt"/>
      <line num="20" count="4" type="stmt"/>
      <line num="23" count="4" type="cond" truecount="2" falsecount="0"/>
      <line num="24" count="1" type="stmt"/>
      <line num="25" count="1" type="stmt"/>
      <line num="28" count="3" type="cond" truecount="1" falsecount="1"/>
      <line num="29" count="0" type="stmt"/>
      <line num="30" count="0" type="stmt"/>
      <line num="34" count="3" type="cond" truecount="1" falsecount="1"/>
      <line num="35" count="0" type="stmt"/>
      <line num="36" count="0" type="stmt"/>
      <line num="39" count="3" type="cond" truecount="2" falsecount="0"/>
      <line num="40" count="1" type="stmt"/>
      <line num="41" count="1" type="stmt"/>
      <line num="44" count="2" type="stmt"/>
      <line num="45" count="2" type="stmt"/>
      <line num="51" count="2" type="cond" truecount="2" falsecount="0"/>
      <line num="52" count="1" type="stmt"/>
      <line num="53" count="1" type="cond" truecount="1" falsecount="1"/>
      <line num="56" count="1" type="stmt"/>
      <line num="57" count="1" type="stmt"/>
      <line num="58" count="1" type="stmt"/>
      <line num="60" count="1" type="stmt"/>
      <line num="64" count="16" type="stmt"/>
      <line num="88" count="1" type="stmt"/>
    </file>
    <file name="counter.tsx" path="C:\react-native-projects\SimplyJest\app\counter.tsx">
      <metrics statements="5" coveredstatements="5" conditionals="0" coveredconditionals="0" methods="3" coveredmethods="3"/>
      <line num="5" count="5" type="stmt"/>
      <line num="7" count="5" type="stmt"/>
      <line num="12" count="1" type="stmt"/>
      <line num="13" count="1" type="stmt"/>
      <line num="19" count="1" type="stmt"/>
    </file>
    <file name="fetchData.tsx" path="C:\react-native-projects\SimplyJest\app\fetchData.tsx">
      <metrics statements="12" coveredstatements="11" conditionals="4" coveredconditionals="4" methods="2" coveredmethods="2"/>
      <line num="5" count="9" type="stmt"/>
      <line num="6" count="9" type="stmt"/>
      <line num="8" count="9" type="stmt"/>
      <line num="9" count="2" type="stmt"/>
      <line num="10" count="2" type="stmt"/>
      <line num="11" count="2" type="stmt"/>
      <line num="12" count="2" type="stmt"/>
      <line num="13" count="2" type="stmt"/>
      <line num="15" count="0" type="stmt"/>
      <line num="17" count="2" type="stmt"/>
      <line num="21" count="9" type="stmt"/>
      <line num="30" count="1" type="stmt"/>
    </file>
    <file name="index.tsx" path="C:\react-native-projects\SimplyJest\app\index.tsx">
      <metrics statements="1" coveredstatements="1" conditionals="0" coveredconditionals="0" methods="1" coveredmethods="1"/>
      <line num="4" count="1" type="stmt"/>
    </file>
  </project>
</coverage>
