{"C:\\react-native-projects\\SimplyJest\\app\\Countdown.tsx": {"path":"C:\\react-native-projects\\SimplyJest\\app\\Countdown.tsx","statementMap":{"0":{"start":{"line":4,"column":18},"end":{"line":38,"column":1}},"1":{"start":{"line":5,"column":34},"end":{"line":5,"column":54}},"2":{"start":{"line":6,"column":36},"end":{"line":6,"column":60}},"3":{"start":{"line":8,"column":4},"end":{"line":20,"column":28}},"4":{"start":{"line":10,"column":8},"end":{"line":14,"column":9}},"5":{"start":{"line":11,"column":12},"end":{"line":13,"column":21}},"6":{"start":{"line":12,"column":16},"end":{"line":12,"column":47}},"7":{"start":{"line":12,"column":37},"end":{"line":12,"column":45}},"8":{"start":{"line":15,"column":8},"end":{"line":17,"column":9}},"9":{"start":{"line":16,"column":12},"end":{"line":16,"column":31}},"10":{"start":{"line":19,"column":8},"end":{"line":19,"column":42}},"11":{"start":{"line":19,"column":21},"end":{"line":19,"column":41}},"12":{"start":{"line":22,"column":24},"end":{"line":24,"column":5}},"13":{"start":{"line":23,"column":8},"end":{"line":23,"column":26}},"14":{"start":{"line":26,"column":24},"end":{"line":29,"column":5}},"15":{"start":{"line":27,"column":8},"end":{"line":27,"column":27}},"16":{"start":{"line":28,"column":8},"end":{"line":28,"column":23}},"17":{"start":{"line":31,"column":4},"end":{"line":37,"column":6}},"18":{"start":{"line":40,"column":15},"end":{"line":50,"column":2}}},"fnMap":{"0":{"name":"(anonymous_0)","decl":{"start":{"line":4,"column":18},"end":{"line":4,"column":19}},"loc":{"start":{"line":4,"column":24},"end":{"line":38,"column":1}},"line":4},"1":{"name":"(anonymous_1)","decl":{"start":{"line":8,"column":14},"end":{"line":8,"column":15}},"loc":{"start":{"line":8,"column":20},"end":{"line":20,"column":5}},"line":8},"2":{"name":"(anonymous_2)","decl":{"start":{"line":11,"column":32},"end":{"line":11,"column":33}},"loc":{"start":{"line":11,"column":38},"end":{"line":13,"column":13}},"line":11},"3":{"name":"(anonymous_3)","decl":{"start":{"line":12,"column":27},"end":{"line":12,"column":28}},"loc":{"start":{"line":12,"column":37},"end":{"line":12,"column":45}},"line":12},"4":{"name":"(anonymous_4)","decl":{"start":{"line":19,"column":15},"end":{"line":19,"column":16}},"loc":{"start":{"line":19,"column":21},"end":{"line":19,"column":41}},"line":19},"5":{"name":"(anonymous_5)","decl":{"start":{"line":22,"column":24},"end":{"line":22,"column":25}},"loc":{"start":{"line":22,"column":30},"end":{"line":24,"column":5}},"line":22},"6":{"name":"(anonymous_6)","decl":{"start":{"line":26,"column":24},"end":{"line":26,"column":25}},"loc":{"start":{"line":26,"column":30},"end":{"line":29,"column":5}},"line":26}},"branchMap":{"0":{"loc":{"start":{"line":10,"column":8},"end":{"line":14,"column":9}},"type":"if","locations":[{"start":{"line":10,"column":8},"end":{"line":14,"column":9}},{"start":{},"end":{}}],"line":10},"1":{"loc":{"start":{"line":10,"column":12},"end":{"line":10,"column":35}},"type":"binary-expr","locations":[{"start":{"line":10,"column":12},"end":{"line":10,"column":20}},{"start":{"line":10,"column":24},"end":{"line":10,"column":35}}],"line":10},"2":{"loc":{"start":{"line":15,"column":8},"end":{"line":17,"column":9}},"type":"if","locations":[{"start":{"line":15,"column":8},"end":{"line":17,"column":9}},{"start":{},"end":{}}],"line":15},"3":{"loc":{"start":{"line":33,"column":63},"end":{"line":33,"column":99}},"type":"cond-expr","locations":[{"start":{"line":33,"column":77},"end":{"line":33,"column":84}},{"start":{"line":33,"column":87},"end":{"line":33,"column":99}}],"line":33}},"s":{"0":1,"1":9,"2":9,"3":9,"4":8,"5":3,"6":10,"7":10,"8":8,"9":2,"10":8,"11":6,"12":9,"13":2,"14":9,"15":1,"16":1,"17":9,"18":1},"f":{"0":9,"1":8,"2":10,"3":10,"4":6,"5":2,"6":1},"b":{"0":[3,5],"1":[8,4],"2":[2,6],"3":[6,3]},"_coverageSchema":"1a1c01bbd47fc00a2c39e90264f33305004495a9","hash":"81910ba0aa695370eff546505448a5a1a7d913dc"}
,"C:\\react-native-projects\\SimplyJest\\app\\Login.tsx": {"path":"C:\\react-native-projects\\SimplyJest\\app\\Login.tsx","statementMap":{"0":{"start":{"line":5,"column":30},"end":{"line":5,"column":50}},"1":{"start":{"line":6,"column":36},"end":{"line":6,"column":56}},"2":{"start":{"line":7,"column":30},"end":{"line":7,"column":59}},"3":{"start":{"line":8,"column":34},"end":{"line":8,"column":58}},"4":{"start":{"line":11,"column":25},"end":{"line":12,"column":48}},"5":{"start":{"line":12,"column":8},"end":{"line":12,"column":48}},"6":{"start":{"line":15,"column":28},"end":{"line":16,"column":28}},"7":{"start":{"line":16,"column":8},"end":{"line":16,"column":28}},"8":{"start":{"line":18,"column":24},"end":{"line":62,"column":5}},"9":{"start":{"line":19,"column":8},"end":{"line":19,"column":23}},"10":{"start":{"line":20,"column":8},"end":{"line":20,"column":26}},"11":{"start":{"line":23,"column":8},"end":{"line":26,"column":9}},"12":{"start":{"line":24,"column":12},"end":{"line":24,"column":58}},"13":{"start":{"line":25,"column":12},"end":{"line":25,"column":19}},"14":{"start":{"line":28,"column":8},"end":{"line":31,"column":9}},"15":{"start":{"line":29,"column":12},"end":{"line":29,"column":58}},"16":{"start":{"line":30,"column":12},"end":{"line":30,"column":19}},"17":{"start":{"line":34,"column":8},"end":{"line":37,"column":9}},"18":{"start":{"line":35,"column":12},"end":{"line":35,"column":48}},"19":{"start":{"line":36,"column":12},"end":{"line":36,"column":19}},"20":{"start":{"line":39,"column":8},"end":{"line":42,"column":9}},"21":{"start":{"line":40,"column":12},"end":{"line":40,"column":58}},"22":{"start":{"line":41,"column":12},"end":{"line":41,"column":19}},"23":{"start":{"line":44,"column":8},"end":{"line":61,"column":9}},"24":{"start":{"line":45,"column":29},"end":{"line":49,"column":14}},"25":{"start":{"line":51,"column":12},"end":{"line":54,"column":13}},"26":{"start":{"line":52,"column":34},"end":{"line":52,"column":55}},"27":{"start":{"line":53,"column":16},"end":{"line":53,"column":73}},"28":{"start":{"line":56,"column":30},"end":{"line":56,"column":51}},"29":{"start":{"line":57,"column":12},"end":{"line":57,"column":49}},"30":{"start":{"line":58,"column":12},"end":{"line":58,"column":29}},"31":{"start":{"line":60,"column":12},"end":{"line":60,"column":36}},"32":{"start":{"line":64,"column":4},"end":{"line":85,"column":6}},"33":{"start":{"line":88,"column":15},"end":{"line":109,"column":2}}},"fnMap":{"0":{"name":"Login","decl":{"start":{"line":4,"column":24},"end":{"line":4,"column":29}},"loc":{"start":{"line":4,"column":32},"end":{"line":86,"column":1}},"line":4},"1":{"name":"(anonymous_1)","decl":{"start":{"line":11,"column":25},"end":{"line":11,"column":26}},"loc":{"start":{"line":12,"column":8},"end":{"line":12,"column":48}},"line":12},"2":{"name":"(anonymous_2)","decl":{"start":{"line":15,"column":28},"end":{"line":15,"column":29}},"loc":{"start":{"line":16,"column":8},"end":{"line":16,"column":28}},"line":16},"3":{"name":"(anonymous_3)","decl":{"start":{"line":18,"column":24},"end":{"line":18,"column":25}},"loc":{"start":{"line":18,"column":36},"end":{"line":62,"column":5}},"line":18}},"branchMap":{"0":{"loc":{"start":{"line":23,"column":8},"end":{"line":26,"column":9}},"type":"if","locations":[{"start":{"line":23,"column":8},"end":{"line":26,"column":9}},{"start":{},"end":{}}],"line":23},"1":{"loc":{"start":{"line":28,"column":8},"end":{"line":31,"column":9}},"type":"if","locations":[{"start":{"line":28,"column":8},"end":{"line":31,"column":9}},{"start":{},"end":{}}],"line":28},"2":{"loc":{"start":{"line":34,"column":8},"end":{"line":37,"column":9}},"type":"if","locations":[{"start":{"line":34,"column":8},"end":{"line":37,"column":9}},{"start":{},"end":{}}],"line":34},"3":{"loc":{"start":{"line":39,"column":8},"end":{"line":42,"column":9}},"type":"if","locations":[{"start":{"line":39,"column":8},"end":{"line":42,"column":9}},{"start":{},"end":{}}],"line":39},"4":{"loc":{"start":{"line":51,"column":12},"end":{"line":54,"column":13}},"type":"if","locations":[{"start":{"line":51,"column":12},"end":{"line":54,"column":13}},{"start":{},"end":{}}],"line":51},"5":{"loc":{"start":{"line":53,"column":32},"end":{"line":53,"column":71}},"type":"binary-expr","locations":[{"start":{"line":53,"column":32},"end":{"line":53,"column":49}},{"start":{"line":53,"column":53},"end":{"line":53,"column":71}}],"line":53},"6":{"loc":{"start":{"line":82,"column":13},"end":{"line":82,"column":86}},"type":"binary-expr","locations":[{"start":{"line":82,"column":13},"end":{"line":82,"column":18}},{"start":{"line":82,"column":22},"end":{"line":82,"column":86}}],"line":82},"7":{"loc":{"start":{"line":83,"column":13},"end":{"line":83,"column":100}},"type":"binary-expr","locations":[{"start":{"line":83,"column":13},"end":{"line":83,"column":20}},{"start":{"line":83,"column":24},"end":{"line":83,"column":100}}],"line":83}},"s":{"0":16,"1":16,"2":16,"3":16,"4":16,"5":3,"6":16,"7":3,"8":16,"9":4,"10":4,"11":4,"12":1,"13":1,"14":3,"15":0,"16":0,"17":3,"18":0,"19":0,"20":3,"21":1,"22":1,"23":2,"24":2,"25":2,"26":1,"27":1,"28":1,"29":1,"30":1,"31":1,"32":16,"33":1},"f":{"0":16,"1":3,"2":3,"3":4},"b":{"0":[1,3],"1":[0,3],"2":[0,3],"3":[1,2],"4":[1,1],"5":[1,0],"6":[16,3],"7":[16,1]},"_coverageSchema":"1a1c01bbd47fc00a2c39e90264f33305004495a9","hash":"590b134e5ee7b9e47c105fb5ff39c545909614eb"}
,"C:\\react-native-projects\\SimplyJest\\app\\counter.tsx": {"path":"C:\\react-native-projects\\SimplyJest\\app\\counter.tsx","statementMap":{"0":{"start":{"line":5,"column":30},"end":{"line":5,"column":49}},"1":{"start":{"line":7,"column":4},"end":{"line":16,"column":6}},"2":{"start":{"line":12,"column":49},"end":{"line":12,"column":68}},"3":{"start":{"line":13,"column":49},"end":{"line":13,"column":68}},"4":{"start":{"line":19,"column":15},"end":{"line":34,"column":2}}},"fnMap":{"0":{"name":"Counter","decl":{"start":{"line":4,"column":24},"end":{"line":4,"column":31}},"loc":{"start":{"line":4,"column":47},"end":{"line":17,"column":1}},"line":4},"1":{"name":"(anonymous_1)","decl":{"start":{"line":12,"column":43},"end":{"line":12,"column":44}},"loc":{"start":{"line":12,"column":49},"end":{"line":12,"column":68}},"line":12},"2":{"name":"(anonymous_2)","decl":{"start":{"line":13,"column":43},"end":{"line":13,"column":44}},"loc":{"start":{"line":13,"column":49},"end":{"line":13,"column":68}},"line":13}},"branchMap":{},"s":{"0":5,"1":5,"2":1,"3":1,"4":1},"f":{"0":5,"1":1,"2":1},"b":{},"_coverageSchema":"1a1c01bbd47fc00a2c39e90264f33305004495a9","hash":"3f341df2440228f42522a8a9c651e1fcdc104e22"}
,"C:\\react-native-projects\\SimplyJest\\app\\fetchData.tsx": {"path":"C:\\react-native-projects\\SimplyJest\\app\\fetchData.tsx","statementMap":{"0":{"start":{"line":5,"column":28},"end":{"line":5,"column":57}},"1":{"start":{"line":6,"column":34},"end":{"line":6,"column":58}},"2":{"start":{"line":8,"column":22},"end":{"line":19,"column":5}},"3":{"start":{"line":9,"column":8},"end":{"line":9,"column":25}},"4":{"start":{"line":10,"column":8},"end":{"line":18,"column":9}},"5":{"start":{"line":11,"column":29},"end":{"line":11,"column":88}},"6":{"start":{"line":12,"column":27},"end":{"line":12,"column":48}},"7":{"start":{"line":13,"column":12},"end":{"line":13,"column":34}},"8":{"start":{"line":15,"column":12},"end":{"line":15,"column":43}},"9":{"start":{"line":17,"column":12},"end":{"line":17,"column":30}},"10":{"start":{"line":21,"column":4},"end":{"line":27,"column":6}},"11":{"start":{"line":30,"column":15},"end":{"line":36,"column":2}}},"fnMap":{"0":{"name":"FetchData","decl":{"start":{"line":4,"column":24},"end":{"line":4,"column":33}},"loc":{"start":{"line":4,"column":49},"end":{"line":28,"column":1}},"line":4},"1":{"name":"(anonymous_1)","decl":{"start":{"line":8,"column":22},"end":{"line":8,"column":23}},"loc":{"start":{"line":8,"column":34},"end":{"line":19,"column":5}},"line":8}},"branchMap":{"0":{"loc":{"start":{"line":24,"column":13},"end":{"line":24,"column":68}},"type":"binary-expr","locations":[{"start":{"line":24,"column":13},"end":{"line":24,"column":20}},{"start":{"line":24,"column":24},"end":{"line":24,"column":68}}],"line":24},"1":{"loc":{"start":{"line":25,"column":13},"end":{"line":25,"column":58}},"type":"binary-expr","locations":[{"start":{"line":25,"column":13},"end":{"line":25,"column":17}},{"start":{"line":25,"column":21},"end":{"line":25,"column":58}}],"line":25}},"s":{"0":9,"1":9,"2":9,"3":2,"4":2,"5":2,"6":2,"7":2,"8":0,"9":2,"10":9,"11":1},"f":{"0":9,"1":2},"b":{"0":[9,4],"1":[9,4]},"_coverageSchema":"1a1c01bbd47fc00a2c39e90264f33305004495a9","hash":"679633f12dffab3ead0fb1a573df365d5ca9932c"}
,"C:\\react-native-projects\\SimplyJest\\app\\index.tsx": {"path":"C:\\react-native-projects\\SimplyJest\\app\\index.tsx","statementMap":{"0":{"start":{"line":4,"column":4},"end":{"line":8,"column":6}}},"fnMap":{"0":{"name":"Home","decl":{"start":{"line":3,"column":24},"end":{"line":3,"column":28}},"loc":{"start":{"line":3,"column":44},"end":{"line":9,"column":1}},"line":3}},"branchMap":{},"s":{"0":1},"f":{"0":1},"b":{},"_coverageSchema":"1a1c01bbd47fc00a2c39e90264f33305004495a9","hash":"21cf859ae42f7c3e38a969c0b8aa534fc102a913"}
}
