TN:
SF:app\Countdown.tsx
FN:4,(anonymous_0)
FN:8,(anonymous_1)
FN:11,(anonymous_2)
FN:12,(anonymous_3)
FN:19,(anonymous_4)
FN:22,(anonymous_5)
FN:26,(anonymous_6)
FNF:7
FNH:7
FNDA:9,(anonymous_0)
FNDA:8,(anonymous_1)
FNDA:10,(anonymous_2)
FNDA:10,(anonymous_3)
FNDA:6,(anonymous_4)
FNDA:2,(anonymous_5)
FNDA:1,(anonymous_6)
DA:4,1
DA:5,9
DA:6,9
DA:8,9
DA:10,8
DA:11,3
DA:12,10
DA:15,8
DA:16,2
DA:19,8
DA:22,9
DA:23,2
DA:26,9
DA:27,1
DA:28,1
DA:31,9
DA:40,1
LF:17
LH:17
BRDA:10,0,0,3
BRDA:10,0,1,5
BRDA:10,1,0,8
BRDA:10,1,1,4
BRDA:15,2,0,2
BRDA:15,2,1,6
BRDA:33,3,0,6
BRDA:33,3,1,3
BRF:8
BRH:8
end_of_record
TN:
SF:app\Login.tsx
FN:4,Login
FN:11,(anonymous_1)
FN:15,(anonymous_2)
FN:18,(anonymous_3)
FNF:4
FNH:4
FNDA:16,Login
FNDA:3,(anonymous_1)
FNDA:3,(anonymous_2)
FNDA:4,(anonymous_3)
DA:5,16
DA:6,16
DA:7,16
DA:8,16
DA:11,16
DA:12,3
DA:15,16
DA:16,3
DA:18,16
DA:19,4
DA:20,4
DA:23,4
DA:24,1
DA:25,1
DA:28,3
DA:29,0
DA:30,0
DA:34,3
DA:35,0
DA:36,0
DA:39,3
DA:40,1
DA:41,1
DA:44,2
DA:45,2
DA:51,2
DA:52,1
DA:53,1
DA:56,1
DA:57,1
DA:58,1
DA:60,1
DA:64,16
DA:88,1
LF:34
LH:30
BRDA:23,0,0,1
BRDA:23,0,1,3
BRDA:28,1,0,0
BRDA:28,1,1,3
BRDA:34,2,0,0
BRDA:34,2,1,3
BRDA:39,3,0,1
BRDA:39,3,1,2
BRDA:51,4,0,1
BRDA:51,4,1,1
BRDA:53,5,0,1
BRDA:53,5,1,0
BRDA:82,6,0,16
BRDA:82,6,1,3
BRDA:83,7,0,16
BRDA:83,7,1,1
BRF:16
BRH:13
end_of_record
TN:
SF:app\counter.tsx
FN:4,Counter
FN:12,(anonymous_1)
FN:13,(anonymous_2)
FNF:3
FNH:3
FNDA:5,Counter
FNDA:1,(anonymous_1)
FNDA:1,(anonymous_2)
DA:5,5
DA:7,5
DA:12,1
DA:13,1
DA:19,1
LF:5
LH:5
BRF:0
BRH:0
end_of_record
TN:
SF:app\fetchData.tsx
FN:4,FetchData
FN:8,(anonymous_1)
FNF:2
FNH:2
FNDA:9,FetchData
FNDA:2,(anonymous_1)
DA:5,9
DA:6,9
DA:8,9
DA:9,2
DA:10,2
DA:11,2
DA:12,2
DA:13,2
DA:15,0
DA:17,2
DA:21,9
DA:30,1
LF:12
LH:11
BRDA:24,0,0,9
BRDA:24,0,1,4
BRDA:25,1,0,9
BRDA:25,1,1,4
BRF:4
BRH:4
end_of_record
TN:
SF:app\index.tsx
FN:3,Home
FNF:1
FNH:1
FNDA:1,Home
DA:4,1
LF:1
LH:1
BRF:0
BRH:0
end_of_record
